7.0353 	DEBUG 	Fullscreen settings ignored as running in pilot mode.
7.0364 	INFO 	Loaded monitor calibration from ['2025_07_19 10:04']
7.3877 	EXP 	Created window1 = Window(allowGUI=False, allowStencil=False, autoLog=True, backendConf=UNKNOWN, backgroundFit=<method-wrapper '__getattribute__' of attributeSetter object at 0x000001B782612EC0>, backgroundImage=<method-wrapper '__getattribute__' of attributeSetter object at 0x000001B782612F20>, bitsMode=UNKNOWN, blendMode='avg', bpc=(8, 8, 8), color=array([0, 0, 0]), colorSpace='rgb', depthBits=8, fullscr=False, gamma=None, gammaErrorPolicy='raise', infoMsg=UNKNOWN, lms=UNKNOWN, monitor=<psychopy.monitors.calibTools.Monitor object at 0x000001B7826C45E0>, multiSample=False, name='window1', numSamples=2, pos=[560.0, 240.0], screen=0, size=array([800, 600]), stencilBits=0, stereo=False, title='PsychoPy', units='height', useFBO=True, useRetina=False, viewOri=0.0, viewPos=None, viewScale=None, waitBlanking=True, winType='pyglet')
7.3878 	EXP 	window1: backgroundImage = ''
7.3878 	EXP 	window1: backgroundFit = 'none'
7.4156 	DEBUG 	TextBox2 loaded 1 chars with 0 blanks and 1 valid
7.4164 	DEBUG 	TextBox2 loaded 1 chars with 0 blanks and 1 valid
7.4172 	DEBUG 	TextBox2 loaded 1 chars with 0 blanks and 1 valid
7.4181 	DEBUG 	TextBox2 loaded 1 chars with 0 blanks and 1 valid
7.4190 	DEBUG 	TextBox2 loaded 1 chars with 0 blanks and 1 valid
7.4195 	DEBUG 	TextBox2 loaded 1 chars with 0 blanks and 1 valid
7.4201 	DEBUG 	TextBox2 loaded 1 chars with 0 blanks and 1 valid
7.4211 	DEBUG 	TextBox2 loaded 1 chars with 0 blanks and 1 valid
7.4215 	DEBUG 	TextBox2 loaded 1 chars with 0 blanks and 1 valid
7.4219 	DEBUG 	TextBox2 loaded 1 chars with 0 blanks and 1 valid
7.4227 	DEBUG 	TextBox2 loaded 1 chars with 0 blanks and 1 valid
7.4234 	DEBUG 	TextBox2 loaded 1 chars with 0 blanks and 1 valid
7.4241 	DEBUG 	TextBox2 loaded 1 chars with 0 blanks and 1 valid
7.4248 	DEBUG 	TextBox2 loaded 1 chars with 0 blanks and 1 valid
7.4254 	DEBUG 	TextBox2 loaded 1 chars with 0 blanks and 1 valid
7.4261 	DEBUG 	TextBox2 loaded 1 chars with 0 blanks and 1 valid
7.4268 	DEBUG 	TextBox2 loaded 1 chars with 0 blanks and 1 valid
7.4273 	DEBUG 	TextBox2 loaded 1 chars with 0 blanks and 1 valid
7.4277 	DEBUG 	TextBox2 loaded 1 chars with 0 blanks and 1 valid
7.4286 	DEBUG 	TextBox2 loaded 1 chars with 0 blanks and 1 valid
7.4294 	DEBUG 	TextBox2 loaded 1 chars with 0 blanks and 1 valid
7.4307 	DEBUG 	Uploading Texture Font fontname to graphics card
7.4533 	DEBUG 	Upload of Texture Font fontname complete
7.4614 	DEBUG 	TextBox2 loaded 1 chars with 0 blanks and 1 valid
7.4631 	DEBUG 	TextBox2 loaded 1 chars with 0 blanks and 1 valid
7.4646 	DEBUG 	TextBox2 loaded 1 chars with 0 blanks and 1 valid
7.4651 	DEBUG 	Uploading Texture Font fontname to graphics card
7.4702 	DEBUG 	Upload of Texture Font fontname complete
7.4734 	EXP 	window1: Attempting to measure frame rate of screen (0) ...
7.4734 	EXP 	window1: recordFrameIntervals = False
7.6431 	EXP 	window1: recordFrameIntervals = True
7.8261 	EXP 	Screen (0) actual frame rate measured at 60.07Hz
7.8261 	EXP 	window1: recordFrameIntervals = False
7.8365 	DEBUG 	TextBox2 loaded 1 chars with 0 blanks and 1 valid
7.8375 	DEBUG 	TextBox2 loaded 1 chars with 0 blanks and 1 valid
7.8389 	DEBUG 	TextBox2 loaded 1 chars with 0 blanks and 1 valid
7.8404 	DEBUG 	TextBox2 loaded 1 chars with 0 blanks and 1 valid
7.8417 	DEBUG 	TextBox2 loaded 1 chars with 0 blanks and 1 valid
7.8428 	DEBUG 	TextBox2 loaded 1 chars with 0 blanks and 1 valid
7.8434 	DEBUG 	TextBox2 loaded 1 chars with 0 blanks and 1 valid
7.8443 	DEBUG 	TextBox2 loaded 1 chars with 0 blanks and 1 valid
7.8453 	DEBUG 	TextBox2 loaded 1 chars with 0 blanks and 1 valid
7.8461 	DEBUG 	TextBox2 loaded 1 chars with 0 blanks and 1 valid
7.8464 	DEBUG 	Uploading Texture Font fontname to graphics card
7.8469 	DEBUG 	Upload of Texture Font fontname complete
7.8670 	WARNING 	launchHubServer: If using the iohub mouse or eyetracker devices, fullScr should be True.
10.4969 	INFO 	keyboard.Keyboard is using iohub backend.
10.4970 	INFO 	keyboard.Keyboard is using iohub backend.
10.4970 	INFO 	keyboard.Keyboard is using iohub backend.
10.4970 	INFO 	keyboard.Keyboard is using iohub backend.
10.4970 	EXP 	stroop_alimentario: status = STARTED
10.6409 	EXP 	Created text_2 = TextStim(__class__=<class 'psychopy.visual.text.TextStim'>, alignHoriz=method-wrapper(...), alignText='center', alignVert=method-wrapper(...), anchorHoriz='center', anchorVert='center', antialias=True, autoDraw=False, autoLog=True, bold=False, color=array([1., 1., 1.]), colorSpace='rgb', contrast=1.0, depth=0.0, draggable=False, flipHoriz=False, flipVert=False, font='Arial', fontFiles=[], height=0.05, italic=False, languageStyle='LTR', name='text_2', opacity=1, ori=0.0, pos=array([0., 0.]), rgb=UNKNOWN, text=str(...), units='height', win=Window(...), wrapWidth=1)
10.6439 	EXP 	Created jitter = TextStim(__class__=<class 'psychopy.visual.text.TextStim'>, alignHoriz=method-wrapper(...), alignText='center', alignVert=method-wrapper(...), anchorHoriz='center', anchorVert='center', antialias=True, autoDraw=False, autoLog=True, bold=False, color=array([1., 1., 1.]), colorSpace='rgb', contrast=1.0, depth=0.0, draggable=False, flipHoriz=False, flipVert=False, font='Arial', fontFiles=[], height=0.05, italic=False, languageStyle='LTR', name='jitter', opacity=1, ori=0.0, pos=array([0., 0.]), rgb=UNKNOWN, text='+', units='height', win=Window(...), wrapWidth=1)
10.6534 	EXP 	Created image = ImageStim(__class__=<class 'psychopy.visual.image.ImageStim'>, anchor=('center', 'center'), autoLog=True, color=array([1., 1., 1.]), colorSpace='rgb', contrast=1.0, depth=0.0, draggable=False, flipHoriz=False, flipVert=False, image='default.png', interpolate=True, mask=None, maskParams=None, name='image', opacity=1, ori=0.0, pos=array([0., 0.]), size=array([0.5, 0.5]), texRes=128.0, units='height', win=Window(...))
10.6541 	EXP 	Created text_4 = TextStim(__class__=<class 'psychopy.visual.text.TextStim'>, alignHoriz=method-wrapper(...), alignText='center', alignVert=method-wrapper(...), anchorHoriz='center', anchorVert='center', antialias=True, autoDraw=False, autoLog=True, bold=False, color=array([1., 1., 1.]), colorSpace='rgb', contrast=1.0, depth=-2.0, draggable=False, flipHoriz=False, flipVert=False, font='Arial', fontFiles=[], height=0.05, italic=False, languageStyle='LTR', name='text_4', opacity=1, ori=0.0, pos=array([0., 0.]), rgb=UNKNOWN, text='', units='height', win=Window(...), wrapWidth=1)
10.6551 	EXP 	Created text = TextStim(__class__=<class 'psychopy.visual.text.TextStim'>, alignHoriz=method-wrapper(...), alignText='center', alignVert=method-wrapper(...), anchorHoriz='center', anchorVert='center', antialias=True, autoDraw=False, autoLog=True, bold=False, color=array([1., 1., 1.]), colorSpace='rgb', contrast=1.0, depth=0.0, draggable=False, flipHoriz=False, flipVert=False, font='Arial', fontFiles=[], height=0.05, italic=False, languageStyle='LTR', name='text', opacity=1, ori=0.0, pos=array([0., 0.]), rgb=UNKNOWN, text='', units='height', win=Window(...), wrapWidth=1)
10.6597 	EXP 	Created text_3 = TextStim(__class__=<class 'psychopy.visual.text.TextStim'>, alignHoriz=method-wrapper(...), alignText='center', alignVert=method-wrapper(...), anchorHoriz='center', anchorVert='center', antialias=True, autoDraw=False, autoLog=True, bold=False, color=array([1., 1., 1.]), colorSpace='rgb', contrast=1.0, depth=0.0, draggable=False, flipHoriz=False, flipVert=False, font='Arial', fontFiles=[], height=0.05, italic=False, languageStyle='LTR', name='text_3', opacity=1, ori=0.0, pos=array([0., 0.]), rgb=UNKNOWN, text='Muchas gracias por participar del esperimento.', units='height', win=Window(...), wrapWidth=1)
0.0284 	INFO 	Keyboard events cleared
0.0279 	EXP 	text_2: autoDraw = True
1.9179 	DEBUG 	Read csv file with pandas: Conditions.csv
1.9194 	DEBUG 	Clearing unnamed columns from Conditions.csv
1.9209 	EXP 	Imported Conditions.csv as conditions, 80 conditions, 3 params
1.9253 	EXP 	New trial (rep=0, index=0): <Trial 0 (0 in rep 0) data={'Congruency': 'incongruente', 'ImageFile': '/images/ESPARRAGOS.png', 'CalorieLabels': 'altas calorias', 'thisN': 0, 'thisTrialN': 0, 'thisRepN': 0}>
1.9274 	DATA 	Keypress: space
1.9428 	EXP 	text_2: autoDraw = False
1.9428 	EXP 	jitter: autoDraw = True
2.4155 	DEPRECATION 	Couldn't find image /images/ESPARRAGOS.png; check path? (tried: C:\images\ESPARRAGOS.png)
2.4724 	DEBUG 	Saving data for stroop_alimentario ExperimentHandler
2.4759 	INFO 	saved data to C:\Users\sebas\Documents\Python\experimentoNT\data/231411_stroop_alimentario_2025-09-13_02h38.02.047.psydat
2.4774 	INFO 	saved data to 'C:\\Users\\sebas\\Documents\\Python\\experimentoNT\\data/231411_stroop_alimentario_2025-09-13_02h38.02.047.csv'
