12.6613 	DEBUG 	Fullscreen settings ignored as running in pilot mode.
12.6626 	INFO 	Loaded monitor calibration from ['2025_07_19 10:04']
12.9309 	EXP 	Created window1 = Window(allowGUI=False, allowStencil=False, autoLog=True, backendConf=UNKNOWN, backgroundFit=<method-wrapper '__getattribute__' of attributeSetter object at 0x0000024F99319D20>, backgroundImage=<method-wrapper '__getattribute__' of attributeSetter object at 0x0000024F99319CC0>, bitsMode=UNKNOWN, blendMode='avg', bpc=(8, 8, 8), color=array([0, 0, 0]), colorSpace='rgb', depthBits=8, fullscr=False, gamma=None, gammaErrorPolicy='raise', infoMsg=UNKNOWN, lms=UNKNOWN, monitor=<psychopy.monitors.calibTools.Monitor object at 0x0000024F9A121990>, multiSample=False, name='window1', numSamples=2, pos=[560.0, 240.0], screen=0, size=array([800, 600]), stencilBits=0, stereo=False, title='PsychoPy', units='height', useFBO=True, useRetina=False, viewOri=0.0, viewPos=None, viewScale=None, waitBlanking=True, winType='pyglet')
12.9310 	EXP 	window1: backgroundImage = ''
12.9310 	EXP 	window1: backgroundFit = 'none'
12.9403 	DEBUG 	TextBox2 loaded 1 chars with 0 blanks and 1 valid
12.9411 	DEBUG 	TextBox2 loaded 1 chars with 0 blanks and 1 valid
12.9419 	DEBUG 	TextBox2 loaded 1 chars with 0 blanks and 1 valid
12.9428 	DEBUG 	TextBox2 loaded 1 chars with 0 blanks and 1 valid
12.9437 	DEBUG 	TextBox2 loaded 1 chars with 0 blanks and 1 valid
12.9441 	DEBUG 	TextBox2 loaded 1 chars with 0 blanks and 1 valid
12.9448 	DEBUG 	TextBox2 loaded 1 chars with 0 blanks and 1 valid
12.9457 	DEBUG 	TextBox2 loaded 1 chars with 0 blanks and 1 valid
12.9460 	DEBUG 	TextBox2 loaded 1 chars with 0 blanks and 1 valid
12.9464 	DEBUG 	TextBox2 loaded 1 chars with 0 blanks and 1 valid
12.9471 	DEBUG 	TextBox2 loaded 1 chars with 0 blanks and 1 valid
12.9478 	DEBUG 	TextBox2 loaded 1 chars with 0 blanks and 1 valid
12.9484 	DEBUG 	TextBox2 loaded 1 chars with 0 blanks and 1 valid
12.9491 	DEBUG 	TextBox2 loaded 1 chars with 0 blanks and 1 valid
12.9497 	DEBUG 	TextBox2 loaded 1 chars with 0 blanks and 1 valid
12.9504 	DEBUG 	TextBox2 loaded 1 chars with 0 blanks and 1 valid
12.9512 	DEBUG 	TextBox2 loaded 1 chars with 0 blanks and 1 valid
12.9516 	DEBUG 	TextBox2 loaded 1 chars with 0 blanks and 1 valid
12.9521 	DEBUG 	TextBox2 loaded 1 chars with 0 blanks and 1 valid
12.9530 	DEBUG 	TextBox2 loaded 1 chars with 0 blanks and 1 valid
12.9534 	DEBUG 	TextBox2 loaded 1 chars with 0 blanks and 1 valid
12.9538 	DEBUG 	Uploading Texture Font fontname to graphics card
12.9702 	DEBUG 	Upload of Texture Font fontname complete
12.9775 	DEBUG 	TextBox2 loaded 1 chars with 0 blanks and 1 valid
12.9786 	DEBUG 	TextBox2 loaded 1 chars with 0 blanks and 1 valid
12.9795 	DEBUG 	TextBox2 loaded 1 chars with 0 blanks and 1 valid
12.9798 	DEBUG 	Uploading Texture Font fontname to graphics card
12.9974 	DEBUG 	Upload of Texture Font fontname complete
12.9993 	EXP 	window1: Attempting to measure frame rate of screen (0) ...
12.9993 	EXP 	window1: recordFrameIntervals = False
13.1739 	EXP 	window1: recordFrameIntervals = True
13.3568 	EXP 	Screen (0) actual frame rate measured at 60.17Hz
13.3569 	EXP 	window1: recordFrameIntervals = False
13.3626 	DEBUG 	TextBox2 loaded 1 chars with 0 blanks and 1 valid
13.3632 	DEBUG 	TextBox2 loaded 1 chars with 0 blanks and 1 valid
13.3640 	DEBUG 	TextBox2 loaded 1 chars with 0 blanks and 1 valid
13.3650 	DEBUG 	TextBox2 loaded 1 chars with 0 blanks and 1 valid
13.3659 	DEBUG 	TextBox2 loaded 1 chars with 0 blanks and 1 valid
13.3669 	DEBUG 	TextBox2 loaded 1 chars with 0 blanks and 1 valid
13.3673 	DEBUG 	TextBox2 loaded 1 chars with 0 blanks and 1 valid
13.3682 	DEBUG 	TextBox2 loaded 1 chars with 0 blanks and 1 valid
13.3691 	DEBUG 	TextBox2 loaded 1 chars with 0 blanks and 1 valid
13.3705 	DEBUG 	TextBox2 loaded 1 chars with 0 blanks and 1 valid
13.3709 	DEBUG 	Uploading Texture Font fontname to graphics card
13.3719 	DEBUG 	Upload of Texture Font fontname complete
13.3834 	WARNING 	launchHubServer: If using the iohub mouse or eyetracker devices, fullScr should be True.
15.9893 	INFO 	keyboard.Keyboard is using iohub backend.
15.9893 	INFO 	keyboard.Keyboard is using iohub backend.
15.9894 	INFO 	keyboard.Keyboard is using iohub backend.
15.9894 	INFO 	keyboard.Keyboard is using iohub backend.
15.9894 	EXP 	stroop_alimentario: status = STARTED
16.5065 	EXP 	Created text_2 = TextStim(__class__=<class 'psychopy.visual.text.TextStim'>, alignHoriz=method-wrapper(...), alignText='center', alignVert=method-wrapper(...), anchorHoriz='center', anchorVert='center', antialias=True, autoDraw=False, autoLog=True, bold=False, color=array([1., 1., 1.]), colorSpace='rgb', contrast=1.0, depth=0.0, draggable=False, flipHoriz=False, flipVert=False, font='Arial', fontFiles=[], height=0.05, italic=False, languageStyle='LTR', name='text_2', opacity=1, ori=0.0, pos=array([0., 0.]), rgb=UNKNOWN, text=str(...), units='height', win=Window(...), wrapWidth=1)
16.5095 	EXP 	Created jitter = TextStim(__class__=<class 'psychopy.visual.text.TextStim'>, alignHoriz=method-wrapper(...), alignText='center', alignVert=method-wrapper(...), anchorHoriz='center', anchorVert='center', antialias=True, autoDraw=False, autoLog=True, bold=False, color=array([1., 1., 1.]), colorSpace='rgb', contrast=1.0, depth=0.0, draggable=False, flipHoriz=False, flipVert=False, font='Arial', fontFiles=[], height=0.05, italic=False, languageStyle='LTR', name='jitter', opacity=1, ori=0.0, pos=array([0., 0.]), rgb=UNKNOWN, text='+', units='height', win=Window(...), wrapWidth=1)
16.6879 	EXP 	Created image = ImageStim(__class__=<class 'psychopy.visual.image.ImageStim'>, anchor=('center', 'center'), autoLog=True, color=array([1., 1., 1.]), colorSpace='rgb', contrast=1.0, depth=0.0, draggable=False, flipHoriz=False, flipVert=False, image=str(...), interpolate=True, mask=None, maskParams=None, name='image', opacity=1, ori=0.0, pos=array([0., 0.]), size=array([0.5, 0.5]), texRes=128.0, units='height', win=Window(...))
16.6891 	EXP 	Created text = TextStim(__class__=<class 'psychopy.visual.text.TextStim'>, alignHoriz=method-wrapper(...), alignText='center', alignVert=method-wrapper(...), anchorHoriz='center', anchorVert='center', antialias=True, autoDraw=False, autoLog=True, bold=False, color=array([1., 1., 1.]), colorSpace='rgb', contrast=1.0, depth=0.0, draggable=False, flipHoriz=False, flipVert=False, font='Arial', fontFiles=[], height=0.05, italic=False, languageStyle='LTR', name='text', opacity=1, ori=0.0, pos=array([0., 0.]), rgb=UNKNOWN, text='', units='height', win=Window(...), wrapWidth=1)
16.6944 	EXP 	Created text_3 = TextStim(__class__=<class 'psychopy.visual.text.TextStim'>, alignHoriz=method-wrapper(...), alignText='center', alignVert=method-wrapper(...), anchorHoriz='center', anchorVert='center', antialias=True, autoDraw=False, autoLog=True, bold=False, color=array([1., 1., 1.]), colorSpace='rgb', contrast=1.0, depth=0.0, draggable=False, flipHoriz=False, flipVert=False, font='Arial', fontFiles=[], height=0.05, italic=False, languageStyle='LTR', name='text_3', opacity=1, ori=0.0, pos=array([0., 0.]), rgb=UNKNOWN, text='Muchas gracias por participar del esperimento.', units='height', win=Window(...), wrapWidth=1)
0.0261 	INFO 	Keyboard events cleared
0.0257 	EXP 	text_2: autoDraw = True
14.1631 	DATA 	Keypress: space
14.1804 	EXP 	text_2: autoDraw = False
14.1804 	EXP 	jitter: autoDraw = True
14.7674 	INFO 	Keyboard events cleared
14.7667 	EXP 	jitter: autoDraw = False
14.7667 	EXP 	image: autoDraw = True
16.7781 	EXP 	image: autoDraw = False
32.9846 	DATA 	Keypress: space
33.6352 	DATA 	Keypress: space
33.8862 	DATA 	Keypress: space
34.5970 	DATA 	Keypress: f
34.9851 	DATA 	Keypress: f
35.6958 	DATA 	Keypress: j
35.8501 	DATA 	Keypress: j
37.3813 	DATA 	Keypress: escape
37.4974 	EXP 	stroop_alimentario: status = STOPPED
37.5117 	EXP 	stroop_alimentario: status = STOPPED
37.5147 	INFO 	saved data to 'C:\\Users\\sebas\\Documents\\Python\\experimentoNT\\data/527687_stroop_alimentario_2025-08-28_02h33.52.973.csv'
37.5153 	INFO 	saved data to C:\Users\sebas\Documents\Python\experimentoNT\data/527687_stroop_alimentario_2025-08-28_02h33.52.973.psydat
37.7633 	DEBUG 	Saving data for stroop_alimentario ExperimentHandler
