6.1306 	DEBUG 	Fullscreen settings ignored as running in pilot mode.
6.1328 	INFO 	Loaded monitor calibration from ['2025_07_19 10:04']
6.3979 	EXP 	Created window1 = Window(allowGUI=False, allowStencil=False, autoLog=True, backendConf=UNKNOWN, backgroundFit=<method-wrapper '__getattribute__' of attributeSetter object at 0x000001FBC6A1BDF0>, backgroundImage=<method-wrapper '__getattribute__' of attributeSetter object at 0x000001FBC6A1B850>, bitsMode=UNKNOWN, blendMode='avg', bpc=(8, 8, 8), color=array([0, 0, 0]), colorSpace='rgb', depthBits=8, fullscr=False, gamma=None, gammaErrorPolicy='raise', infoMsg=UNKNOWN, lms=UNKNOWN, monitor=<psychopy.monitors.calibTools.Monitor object at 0x000001FBC7825D20>, multiSample=False, name='window1', numSamples=2, pos=[560.0, 240.0], screen=0, size=array([800, 600]), stencilBits=0, stereo=False, title='PsychoPy', units='height', useFBO=True, useRetina=False, viewOri=0.0, viewPos=None, viewScale=None, waitBlanking=True, winType='pyglet')
6.3979 	EXP 	window1: backgroundImage = ''
6.3980 	EXP 	window1: backgroundFit = 'none'
6.4068 	DEBUG 	TextBox2 loaded 1 chars with 0 blanks and 1 valid
6.4077 	DEBUG 	TextBox2 loaded 1 chars with 0 blanks and 1 valid
6.4086 	DEBUG 	TextBox2 loaded 1 chars with 0 blanks and 1 valid
6.4095 	DEBUG 	TextBox2 loaded 1 chars with 0 blanks and 1 valid
6.4108 	DEBUG 	TextBox2 loaded 1 chars with 0 blanks and 1 valid
6.4116 	DEBUG 	TextBox2 loaded 1 chars with 0 blanks and 1 valid
6.4128 	DEBUG 	TextBox2 loaded 1 chars with 0 blanks and 1 valid
6.4140 	DEBUG 	TextBox2 loaded 1 chars with 0 blanks and 1 valid
6.4144 	DEBUG 	TextBox2 loaded 1 chars with 0 blanks and 1 valid
6.4147 	DEBUG 	TextBox2 loaded 1 chars with 0 blanks and 1 valid
6.4159 	DEBUG 	TextBox2 loaded 1 chars with 0 blanks and 1 valid
6.4173 	DEBUG 	TextBox2 loaded 1 chars with 0 blanks and 1 valid
6.4179 	DEBUG 	TextBox2 loaded 1 chars with 0 blanks and 1 valid
6.4187 	DEBUG 	TextBox2 loaded 1 chars with 0 blanks and 1 valid
6.4193 	DEBUG 	TextBox2 loaded 1 chars with 0 blanks and 1 valid
6.4201 	DEBUG 	TextBox2 loaded 1 chars with 0 blanks and 1 valid
6.4212 	DEBUG 	TextBox2 loaded 1 chars with 0 blanks and 1 valid
6.4217 	DEBUG 	TextBox2 loaded 1 chars with 0 blanks and 1 valid
6.4227 	DEBUG 	TextBox2 loaded 1 chars with 0 blanks and 1 valid
6.4237 	DEBUG 	TextBox2 loaded 1 chars with 0 blanks and 1 valid
6.4244 	DEBUG 	TextBox2 loaded 1 chars with 0 blanks and 1 valid
6.4248 	DEBUG 	Uploading Texture Font fontname to graphics card
6.4294 	DEBUG 	Upload of Texture Font fontname complete
6.4356 	DEBUG 	TextBox2 loaded 1 chars with 0 blanks and 1 valid
6.4366 	DEBUG 	TextBox2 loaded 1 chars with 0 blanks and 1 valid
6.4376 	DEBUG 	TextBox2 loaded 1 chars with 0 blanks and 1 valid
6.4379 	DEBUG 	Uploading Texture Font fontname to graphics card
6.4423 	DEBUG 	Upload of Texture Font fontname complete
6.4441 	EXP 	window1: Attempting to measure frame rate of screen (0) ...
6.4442 	EXP 	window1: recordFrameIntervals = False
6.6237 	EXP 	window1: recordFrameIntervals = True
7.0565 	EXP 	Screen (0) actual frame rate measured at 59.86Hz
7.0565 	EXP 	window1: recordFrameIntervals = False
7.0646 	DEBUG 	TextBox2 loaded 1 chars with 0 blanks and 1 valid
7.0653 	DEBUG 	TextBox2 loaded 1 chars with 0 blanks and 1 valid
7.0661 	DEBUG 	TextBox2 loaded 1 chars with 0 blanks and 1 valid
7.0672 	DEBUG 	TextBox2 loaded 1 chars with 0 blanks and 1 valid
7.0682 	DEBUG 	TextBox2 loaded 1 chars with 0 blanks and 1 valid
7.0694 	DEBUG 	TextBox2 loaded 1 chars with 0 blanks and 1 valid
7.0700 	DEBUG 	TextBox2 loaded 1 chars with 0 blanks and 1 valid
7.0727 	DEBUG 	TextBox2 loaded 1 chars with 0 blanks and 1 valid
7.0745 	DEBUG 	TextBox2 loaded 1 chars with 0 blanks and 1 valid
7.0765 	DEBUG 	TextBox2 loaded 1 chars with 0 blanks and 1 valid
7.0769 	DEBUG 	Uploading Texture Font fontname to graphics card
7.0775 	DEBUG 	Upload of Texture Font fontname complete
7.0900 	WARNING 	launchHubServer: If using the iohub mouse or eyetracker devices, fullScr should be True.
11.4017 	INFO 	keyboard.Keyboard is using iohub backend.
11.4018 	INFO 	keyboard.Keyboard is using iohub backend.
11.4018 	INFO 	keyboard.Keyboard is using iohub backend.
11.4019 	INFO 	keyboard.Keyboard is using iohub backend.
11.4019 	EXP 	stroop_alimentario: status = STARTED
11.5191 	EXP 	Created text_2 = TextStim(__class__=<class 'psychopy.visual.text.TextStim'>, alignHoriz=method-wrapper(...), alignText='center', alignVert=method-wrapper(...), anchorHoriz='center', anchorVert='center', antialias=True, autoDraw=False, autoLog=True, bold=False, color=array([1., 1., 1.]), colorSpace='rgb', contrast=1.0, depth=0.0, draggable=False, flipHoriz=False, flipVert=False, font='Arial', fontFiles=[], height=0.05, italic=False, languageStyle='LTR', name='text_2', opacity=1, ori=0.0, pos=array([0., 0.]), rgb=UNKNOWN, text=str(...), units='height', win=Window(...), wrapWidth=1)
11.5229 	EXP 	Created jitter = TextStim(__class__=<class 'psychopy.visual.text.TextStim'>, alignHoriz=method-wrapper(...), alignText='center', alignVert=method-wrapper(...), anchorHoriz='center', anchorVert='center', antialias=True, autoDraw=False, autoLog=True, bold=False, color=array([1., 1., 1.]), colorSpace='rgb', contrast=1.0, depth=0.0, draggable=False, flipHoriz=False, flipVert=False, font='Arial', fontFiles=[], height=0.05, italic=False, languageStyle='LTR', name='jitter', opacity=1, ori=0.0, pos=array([0., 0.]), rgb=UNKNOWN, text='+', units='height', win=Window(...), wrapWidth=1)
11.5270 	EXP 	Created image = ImageStim(__class__=<class 'psychopy.visual.image.ImageStim'>, anchor=('center', 'center'), autoLog=True, color=array([1., 1., 1.]), colorSpace='rgb', contrast=1.0, depth=0.0, draggable=False, flipHoriz=False, flipVert=False, image='default.png', interpolate=True, mask=None, maskParams=None, name='image', opacity=1, ori=0.0, pos=array([0., 0.]), size=array([0.5, 0.5]), texRes=128.0, units='height', win=Window(...))
11.5278 	EXP 	Created text_4 = TextStim(__class__=<class 'psychopy.visual.text.TextStim'>, alignHoriz=method-wrapper(...), alignText='center', alignVert=method-wrapper(...), anchorHoriz='center', anchorVert='center', antialias=True, autoDraw=False, autoLog=True, bold=False, color=array([1., 1., 1.]), colorSpace='rgb', contrast=1.0, depth=-2.0, draggable=False, flipHoriz=False, flipVert=False, font='Arial', fontFiles=[], height=0.05, italic=False, languageStyle='LTR', name='text_4', opacity=1, ori=0.0, pos=array([0., 0.]), rgb=UNKNOWN, text='', units='height', win=Window(...), wrapWidth=1)
11.5290 	EXP 	Created text = TextStim(__class__=<class 'psychopy.visual.text.TextStim'>, alignHoriz=method-wrapper(...), alignText='center', alignVert=method-wrapper(...), anchorHoriz='center', anchorVert='center', antialias=True, autoDraw=False, autoLog=True, bold=False, color=array([1., 1., 1.]), colorSpace='rgb', contrast=1.0, depth=0.0, draggable=False, flipHoriz=False, flipVert=False, font='Arial', fontFiles=[], height=0.05, italic=False, languageStyle='LTR', name='text', opacity=1, ori=0.0, pos=array([0., 0.]), rgb=UNKNOWN, text='', units='height', win=Window(...), wrapWidth=1)
11.5345 	EXP 	Created text_3 = TextStim(__class__=<class 'psychopy.visual.text.TextStim'>, alignHoriz=method-wrapper(...), alignText='center', alignVert=method-wrapper(...), anchorHoriz='center', anchorVert='center', antialias=True, autoDraw=False, autoLog=True, bold=False, color=array([1., 1., 1.]), colorSpace='rgb', contrast=1.0, depth=0.0, draggable=False, flipHoriz=False, flipVert=False, font='Arial', fontFiles=[], height=0.05, italic=False, languageStyle='LTR', name='text_3', opacity=1, ori=0.0, pos=array([0., 0.]), rgb=UNKNOWN, text='Muchas gracias por participar del esperimento.', units='height', win=Window(...), wrapWidth=1)
0.0356 	INFO 	Keyboard events cleared
0.0353 	EXP 	text_2: autoDraw = True
2.7619 	DEBUG 	Read csv file with pandas: Conditions_short.csv
2.7633 	DEBUG 	Clearing unnamed columns from Conditions_short.csv
2.7641 	EXP 	Imported Conditions_short.csv as conditions, 4 conditions, 3 params
2.7644 	EXP 	New trial (rep=0, index=0): <Trial 0 (0 in rep 0) data={'Congruency': 'congruente', 'ImageFile': 'images/BACON.png', 'CalorieLabels': 'altas calorias', 'thisN': 0, 'thisTrialN': 0, 'thisRepN': 0}>
2.7650 	EXP 	eyetracker.clearEvents()
2.7656 	EXP 	eyetracker.setRecordingState(True)
2.7678 	DATA 	Keypress: space
2.7804 	EXP 	text_2: autoDraw = False
2.7804 	EXP 	jitter: autoDraw = True
3.3304 	INFO 	Keyboard events cleared
3.3300 	EXP 	jitter: autoDraw = False
3.3300 	EXP 	image: image = 'images/BACON.png'
3.3300 	EXP 	text_4: height = 0.05
3.3300 	EXP 	text_4: height = 0.05
3.3300 	EXP 	text_4: height = 0.05
3.3300 	EXP 	text_4: text = 'altas calorias'
3.3300 	EXP 	image: autoDraw = True
3.3300 	EXP 	text_4: autoDraw = True
4.3308 	EXP 	text_4: autoDraw = False
5.2789 	EXP 	image: autoDraw = False
5.2789 	EXP 	text_4: autoDraw = False
5.2789 	EXP 	text: autoDraw = True
5.4816 	DATA 	Mouse: Left button down, pos=(678,324)
5.6353 	DATA 	Mouse:  Left button up, pos=(678,324)
6.2906 	EXP 	New trial (rep=0, index=1): <Trial 1 (1 in rep 0) data={'Congruency': 'congruente', 'ImageFile': 'images/AZUCAR.png', 'CalorieLabels': 'altas calorias', 'thisN': 1, 'thisTrialN': 1, 'thisRepN': 0}>
6.2921 	EXP 	eyetracker.setRecordingState(True)
6.3155 	EXP 	text: autoDraw = False
6.3155 	EXP 	jitter: autoDraw = True
6.7944 	INFO 	Keyboard events cleared
6.7940 	EXP 	jitter: autoDraw = False
6.7940 	EXP 	image: image = 'images/AZUCAR.png'
6.7940 	EXP 	text_4: text = 'altas calorias'
6.7940 	EXP 	image: autoDraw = True
6.7940 	EXP 	text_4: autoDraw = True
7.5823 	DATA 	Mouse: Left button down, pos=(663,407)
7.7386 	DATA 	Mouse:  Left button up, pos=(663,407)
7.7930 	EXP 	text_4: autoDraw = False
8.7768 	EXP 	image: autoDraw = False
8.7768 	EXP 	text_4: autoDraw = False
8.7768 	EXP 	text: autoDraw = True
9.7611 	EXP 	New trial (rep=0, index=2): <Trial 2 (2 in rep 0) data={'Congruency': 'congruente', 'ImageFile': 'images/ARROZ.png', 'CalorieLabels': 'bajas calorias', 'thisN': 2, 'thisTrialN': 2, 'thisRepN': 0}>
9.7619 	EXP 	eyetracker.setRecordingState(True)
9.7756 	EXP 	text: autoDraw = False
9.7756 	EXP 	jitter: autoDraw = True
10.3096 	INFO 	Keyboard events cleared
10.3090 	EXP 	jitter: autoDraw = False
10.3090 	EXP 	image: image = 'images/ARROZ.png'
10.3090 	EXP 	text_4: height = 0.05
10.3090 	EXP 	text_4: height = 0.05
10.3090 	EXP 	text_4: height = 0.05
10.3090 	EXP 	text_4: text = 'bajas calorias'
10.3090 	EXP 	image: autoDraw = True
10.3090 	EXP 	text_4: autoDraw = True
10.7114 	DATA 	Mouse: Left button down, pos=(271,450)
10.8943 	DATA 	Mouse:  Left button up, pos=(271,450)
11.3230 	EXP 	text_4: autoDraw = False
12.2721 	EXP 	image: autoDraw = False
12.2721 	EXP 	text_4: autoDraw = False
12.2721 	EXP 	text: autoDraw = True
13.2581 	EXP 	eyetracker.setRecordingState(False)
13.2586 	EXP 	New trial (rep=0, index=3): <Trial 3 (3 in rep 0) data={'Congruency': 'congruente', 'ImageFile': 'images/APIO.png', 'CalorieLabels': 'bajas calorias', 'thisN': 3, 'thisTrialN': 3, 'thisRepN': 0}>
13.2591 	EXP 	eyetracker.clearEvents()
13.2598 	EXP 	eyetracker.setRecordingState(True)
13.2707 	EXP 	text: autoDraw = False
13.2707 	EXP 	text: autoDraw = False
13.2707 	EXP 	jitter: autoDraw = True
13.7707 	INFO 	Keyboard events cleared
13.7704 	EXP 	jitter: autoDraw = False
13.7704 	EXP 	jitter: autoDraw = False
13.7704 	EXP 	image: image = 'images/APIO.png'
13.7704 	EXP 	text_4: text = 'bajas calorias'
13.7704 	EXP 	image: autoDraw = True
13.7704 	EXP 	text_4: autoDraw = True
14.7693 	EXP 	text_4: autoDraw = False
15.7683 	EXP 	image: autoDraw = False
15.7683 	EXP 	image: autoDraw = False
15.7683 	EXP 	text_4: autoDraw = False
15.7683 	EXP 	text: autoDraw = True
16.7715 	INFO 	Keyboard events cleared
16.7711 	EXP 	text: autoDraw = False
16.7711 	EXP 	text_3: autoDraw = True
66.6772 	DATA 	Keypress: space
66.6881 	EXP 	text_3: autoDraw = False
66.6902 	EXP 	stroop_alimentario: status = STOPPED
66.6950 	INFO 	saved data to 'C:\\Users\\sebas\\Documents\\Python\\experimentoNT\\data/593672_stroop_alimentario_2025-09-13_11h48.20.159.csv'
66.6961 	INFO 	saved data to C:\Users\sebas\Documents\Python\experimentoNT\data/593672_stroop_alimentario_2025-09-13_11h48.20.159.psydat
67.6015 	DEBUG 	Saving data for stroop_alimentario ExperimentHandler
