5.5528 	DEBUG 	Fullscreen settings ignored as running in pilot mode.
5.5544 	INFO 	Loaded monitor calibration from ['2025_07_19 10:04']
5.8590 	EXP 	Created window1 = Window(allowGUI=False, allowStencil=False, autoLog=True, backendConf=UNKNOWN, backgroundFit=<method-wrapper '__getattribute__' of attributeSetter object at 0x0000023DC3953130>, backgroundImage=<method-wrapper '__getattribute__' of attributeSetter object at 0x0000023DC3953310>, bitsMode=UNKNOWN, blendMode='avg', bpc=(8, 8, 8), color=array([0, 0, 0]), colorSpace='rgb', depthBits=8, fullscr=False, gamma=None, gammaErrorPolicy='raise', infoMsg=UNKNOWN, lms=UNKNOWN, monitor=<psychopy.monitors.calibTools.Monitor object at 0x0000023DC3A07BE0>, multiSample=False, name='window1', numSamples=2, pos=[560.0, 240.0], screen=0, size=array([800, 600]), stencilBits=0, stereo=False, title='PsychoPy', units='height', useFBO=True, useRetina=False, viewOri=0.0, viewPos=None, viewScale=None, waitBlanking=True, winType='pyglet')
5.8591 	EXP 	window1: backgroundImage = ''
5.8592 	EXP 	window1: backgroundFit = 'none'
5.8847 	DEBUG 	TextBox2 loaded 1 chars with 0 blanks and 1 valid
5.8855 	DEBUG 	TextBox2 loaded 1 chars with 0 blanks and 1 valid
5.8863 	DEBUG 	TextBox2 loaded 1 chars with 0 blanks and 1 valid
5.8872 	DEBUG 	TextBox2 loaded 1 chars with 0 blanks and 1 valid
5.8881 	DEBUG 	TextBox2 loaded 1 chars with 0 blanks and 1 valid
5.8886 	DEBUG 	TextBox2 loaded 1 chars with 0 blanks and 1 valid
5.8893 	DEBUG 	TextBox2 loaded 1 chars with 0 blanks and 1 valid
5.8902 	DEBUG 	TextBox2 loaded 1 chars with 0 blanks and 1 valid
5.8906 	DEBUG 	TextBox2 loaded 1 chars with 0 blanks and 1 valid
5.8909 	DEBUG 	TextBox2 loaded 1 chars with 0 blanks and 1 valid
5.8916 	DEBUG 	TextBox2 loaded 1 chars with 0 blanks and 1 valid
5.8923 	DEBUG 	TextBox2 loaded 1 chars with 0 blanks and 1 valid
5.8930 	DEBUG 	TextBox2 loaded 1 chars with 0 blanks and 1 valid
5.8937 	DEBUG 	TextBox2 loaded 1 chars with 0 blanks and 1 valid
5.8943 	DEBUG 	TextBox2 loaded 1 chars with 0 blanks and 1 valid
5.8950 	DEBUG 	TextBox2 loaded 1 chars with 0 blanks and 1 valid
5.8957 	DEBUG 	TextBox2 loaded 1 chars with 0 blanks and 1 valid
5.8962 	DEBUG 	TextBox2 loaded 1 chars with 0 blanks and 1 valid
5.8967 	DEBUG 	TextBox2 loaded 1 chars with 0 blanks and 1 valid
5.8976 	DEBUG 	TextBox2 loaded 1 chars with 0 blanks and 1 valid
5.8982 	DEBUG 	TextBox2 loaded 1 chars with 0 blanks and 1 valid
5.8985 	DEBUG 	Uploading Texture Font fontname to graphics card
5.9118 	DEBUG 	Upload of Texture Font fontname complete
5.9182 	DEBUG 	TextBox2 loaded 1 chars with 0 blanks and 1 valid
5.9206 	DEBUG 	TextBox2 loaded 1 chars with 0 blanks and 1 valid
5.9232 	DEBUG 	TextBox2 loaded 1 chars with 0 blanks and 1 valid
5.9238 	DEBUG 	Uploading Texture Font fontname to graphics card
5.9478 	DEBUG 	Upload of Texture Font fontname complete
5.9516 	EXP 	window1: Attempting to measure frame rate of screen (0) ...
5.9516 	EXP 	window1: recordFrameIntervals = False
6.1309 	EXP 	window1: recordFrameIntervals = True
6.3115 	EXP 	Screen (0) actual frame rate measured at 60.97Hz
6.3115 	EXP 	window1: recordFrameIntervals = False
6.3172 	DEBUG 	TextBox2 loaded 1 chars with 0 blanks and 1 valid
6.3178 	DEBUG 	TextBox2 loaded 1 chars with 0 blanks and 1 valid
6.3190 	DEBUG 	TextBox2 loaded 1 chars with 0 blanks and 1 valid
6.3205 	DEBUG 	TextBox2 loaded 1 chars with 0 blanks and 1 valid
6.3220 	DEBUG 	TextBox2 loaded 1 chars with 0 blanks and 1 valid
6.3232 	DEBUG 	TextBox2 loaded 1 chars with 0 blanks and 1 valid
6.3237 	DEBUG 	TextBox2 loaded 1 chars with 0 blanks and 1 valid
6.3246 	DEBUG 	TextBox2 loaded 1 chars with 0 blanks and 1 valid
6.3256 	DEBUG 	TextBox2 loaded 1 chars with 0 blanks and 1 valid
6.3269 	DEBUG 	TextBox2 loaded 1 chars with 0 blanks and 1 valid
6.3272 	DEBUG 	Uploading Texture Font fontname to graphics card
6.3277 	DEBUG 	Upload of Texture Font fontname complete
6.3393 	WARNING 	launchHubServer: If using the iohub mouse or eyetracker devices, fullScr should be True.
8.9300 	INFO 	keyboard.Keyboard is using iohub backend.
8.9300 	INFO 	keyboard.Keyboard is using iohub backend.
8.9300 	EXP 	stroop_alimentario: status = STARTED
9.1214 	EXP 	Created text_2 = TextStim(__class__=<class 'psychopy.visual.text.TextStim'>, alignHoriz=method-wrapper(...), alignText='center', alignVert=method-wrapper(...), anchorHoriz='center', anchorVert='center', antialias=True, autoDraw=False, autoLog=True, bold=False, color=array([1., 1., 1.]), colorSpace='rgb', contrast=1.0, depth=0.0, draggable=False, flipHoriz=False, flipVert=False, font='Arial', fontFiles=[], height=0.05, italic=False, languageStyle='LTR', name='text_2', opacity=1, ori=0.0, pos=array([0., 0.]), rgb=UNKNOWN, text=str(...), units='height', win=Window(...), wrapWidth=1)
9.1242 	EXP 	Created jitter = TextStim(__class__=<class 'psychopy.visual.text.TextStim'>, alignHoriz=method-wrapper(...), alignText='center', alignVert=method-wrapper(...), anchorHoriz='center', anchorVert='center', antialias=True, autoDraw=False, autoLog=True, bold=False, color=array([1., 1., 1.]), colorSpace='rgb', contrast=1.0, depth=0.0, draggable=False, flipHoriz=False, flipVert=False, font='Arial', fontFiles=[], height=0.05, italic=False, languageStyle='LTR', name='jitter', opacity=1, ori=0.0, pos=array([0., 0.]), rgb=UNKNOWN, text='+', units='height', win=Window(...), wrapWidth=1)
9.1286 	EXP 	Created image = ImageStim(__class__=<class 'psychopy.visual.image.ImageStim'>, anchor=('center', 'center'), autoLog=True, color=array([1., 1., 1.]), colorSpace='rgb', contrast=1.0, depth=0.0, draggable=False, flipHoriz=False, flipVert=False, image=None, interpolate=True, mask=None, maskParams=None, name='image', opacity=1, ori=0.0, pos=array([0., 0.]), size=array([0.5, 0.5]), texRes=128.0, units='height', win=Window(...))
9.1297 	EXP 	Created text = TextStim(__class__=<class 'psychopy.visual.text.TextStim'>, alignHoriz=method-wrapper(...), alignText='center', alignVert=method-wrapper(...), anchorHoriz='center', anchorVert='center', antialias=True, autoDraw=False, autoLog=True, bold=False, color=array([1., 1., 1.]), colorSpace='rgb', contrast=1.0, depth=0.0, draggable=False, flipHoriz=False, flipVert=False, font='Arial', fontFiles=[], height=0.05, italic=False, languageStyle='LTR', name='text', opacity=1, ori=0.0, pos=array([0., 0.]), rgb=UNKNOWN, text='', units='height', win=Window(...), wrapWidth=1)
0.0307 	INFO 	Keyboard events cleared
0.0300 	EXP 	text_2: autoDraw = True
18.5123 	DATA 	Keypress: space
18.5289 	EXP 	text_2: autoDraw = False
18.5289 	EXP 	jitter: autoDraw = True
19.0295 	EXP 	jitter: autoDraw = False
19.0295 	EXP 	image: autoDraw = True
21.0259 	EXP 	image: autoDraw = False
21.0259 	EXP 	text: autoDraw = True
22.0268 	EXP 	text: autoDraw = False
22.0316 	EXP 	stroop_alimentario: status = STOPPED
22.0351 	INFO 	saved data to 'C:\\Users\\sebas\\Documents\\Python\\experimentoNT\\data/770293_stroop_alimentario_2025-08-28_02h12.11.141.csv'
22.0359 	INFO 	saved data to C:\Users\sebas\Documents\Python\experimentoNT\data/770293_stroop_alimentario_2025-08-28_02h12.11.141.psydat
22.2537 	DEBUG 	Saving data for stroop_alimentario ExperimentHandler
